# JRE version: OpenJDK Runtime Environment Microsoft-8035246 (17.0.8+7) (build 17.0.8+7-LTS)
# Java VM: OpenJDK 64-Bit Server VM Microsoft-8035246 (17.0.8+7-LTS, mixed mode, sharing, tiered, compressed oops, compressed class ptrs, g1 gc, windows-amd64)
GC Precious Log:
 CPUs: 8 total, 8 available
 Memory: 32605M
 Large Page Support: Disabled
 NUMA Support: Disabled
 Compressed Oops: Enabled (32-bit)
 Heap Region Size: 1M
 Heap Min Capacity: 8M
 Heap Initial Capacity: 510M
 Heap Max Capacity: 2G
 Pre-touch: Disabled
 Parallel Workers: 8
 Concurrent Workers: 2
 Concurrent Refinement Workers: 8
 Periodic GC: Disabled
Heap:
 garbage-first heap   total 380928K, used 276749K [0x0000000080000000, 0x0000000100000000)
  region size 1024K, 25 young (25600K), 9 survivors (9216K)
 Metaspace       used 113316K, committed 115136K, reserved 557056K
  class space    used 15872K, committed 16704K, reserved 425984K
GC Heap History (20 events):
Event: 95.174 GC heap before
{Heap before GC invocations=45 (full 0):
 garbage-first heap   total 345088K, used 254537K [0x0000000080000000, 0x0000000100000000)
  region size 1024K, 66 young (67584K), 5 survivors (5120K)
 Metaspace       used 109281K, committed 110784K, reserved 557056K
  class space    used 15399K, committed 16064K, reserved 425984K
}
Event: 95.192 GC heap after
{Heap after GC invocations=46 (full 0):
 garbage-first heap   total 345088K, used 200704K [0x0000000080000000, 0x0000000100000000)
  region size 1024K, 9 young (9216K), 9 survivors (9216K)
 Metaspace       used 109281K, committed 110784K, reserved 557056K
  class space    used 15399K, committed 16064K, reserved 425984K
}
Event: 95.294 GC heap before
{Heap before GC invocations=46 (full 0):
 garbage-first heap   total 345088K, used 207872K [0x0000000080000000, 0x0000000100000000)
  region size 1024K, 16 young (16384K), 9 survivors (9216K)
 Metaspace       used 109282K, committed 110784K, reserved 557056K
  class space    used 15399K, committed 16064K, reserved 425984K
}
Event: 95.310 GC heap after
{Heap after GC invocations=47 (full 0):
 garbage-first heap   total 345088K, used 201595K [0x0000000080000000, 0x0000000100000000)
  region size 1024K, 2 young (2048K), 2 survivors (2048K)
 Metaspace       used 109282K, committed 110784K, reserved 557056K
  class space    used 15399K, committed 16064K, reserved 425984K
}
Event: 96.704 GC heap before
{Heap before GC invocations=47 (full 0):
 garbage-first heap   total 345088K, used 275323K [0x0000000080000000, 0x0000000100000000)
  region size 1024K, 73 young (74752K), 2 survivors (2048K)
 Metaspace       used 109621K, committed 111232K, reserved 557056K
  class space    used 15440K, committed 16128K, reserved 425984K
}
Event: 96.723 GC heap after
{Heap after GC invocations=48 (full 0):
 garbage-first heap   total 345088K, used 212368K [0x0000000080000000, 0x0000000100000000)
  region size 1024K, 10 young (10240K), 10 survivors (10240K)
 Metaspace       used 109621K, committed 111232K, reserved 557056K
  class space    used 15440K, committed 16128K, reserved 425984K
}
Event: 99.050 GC heap before
{Heap before GC invocations=49 (full 0):
 garbage-first heap   total 380928K, used 276880K [0x0000000080000000, 0x0000000100000000)
  region size 1024K, 72 young (73728K), 10 survivors (10240K)
 Metaspace       used 110718K, committed 112320K, reserved 557056K
  class space    used 15556K, committed 16256K, reserved 425984K
}
Event: 99.098 GC heap after
{Heap after GC invocations=50 (full 0):
 garbage-first heap   total 380928K, used 229458K [0x0000000080000000, 0x0000000100000000)
  region size 1024K, 9 young (9216K), 9 survivors (9216K)
 Metaspace       used 110718K, committed 112320K, reserved 557056K
  class space    used 15556K, committed 16256K, reserved 425984K
}
Event: 99.279 GC heap before
{Heap before GC invocations=50 (full 0):
 garbage-first heap   total 380928K, used 238674K [0x0000000080000000, 0x0000000100000000)
  region size 1024K, 18 young (18432K), 9 survivors (9216K)
 Metaspace       used 110902K, committed 112576K, reserved 557056K
  class space    used 15583K, committed 16320K, reserved 425984K
}
Event: 99.299 GC heap after
{Heap after GC invocations=51 (full 0):
 garbage-first heap   total 380928K, used 231273K [0x0000000080000000, 0x0000000100000000)
  region size 1024K, 2 young (2048K), 2 survivors (2048K)
 Metaspace       used 110902K, committed 112576K, reserved 557056K
  class space    used 15583K, committed 16320K, reserved 425984K
}
Event: 101.125 GC heap before
{Heap before GC invocations=51 (full 0):
 garbage-first heap   total 380928K, used 302953K [0x0000000080000000, 0x0000000100000000)
  region size 1024K, 72 young (73728K), 2 survivors (2048K)
 Metaspace       used 111401K, committed 113088K, reserved 557056K
  class space    used 15613K, committed 16384K, reserved 425984K
}
Event: 101.141 GC heap after
{Heap after GC invocations=52 (full 0):
 garbage-first heap   total 380928K, used 237849K [0x0000000080000000, 0x0000000100000000)
  region size 1024K, 9 young (9216K), 9 survivors (9216K)
 Metaspace       used 111401K, committed 113088K, reserved 557056K
  class space    used 15613K, committed 16384K, reserved 425984K
}
Event: 102.582 GC heap before
{Heap before GC invocations=52 (full 0):
 garbage-first heap   total 380928K, used 307481K [0x0000000080000000, 0x0000000100000000)
  region size 1024K, 77 young (78848K), 9 survivors (9216K)
 Metaspace       used 111796K, committed 113600K, reserved 557056K
  class space    used 15673K, committed 16448K, reserved 425984K
}
Event: 102.605 GC heap after
{Heap after GC invocations=53 (full 0):
 garbage-first heap   total 380928K, used 245260K [0x0000000080000000, 0x0000000100000000)
  region size 1024K, 8 young (8192K), 8 survivors (8192K)
 Metaspace       used 111796K, committed 113600K, reserved 557056K
  class space    used 15673K, committed 16448K, reserved 425984K
}
Event: 103.992 GC heap before
{Heap before GC invocations=53 (full 0):
 garbage-first heap   total 380928K, used 311820K [0x0000000080000000, 0x0000000100000000)
  region size 1024K, 74 young (75776K), 8 survivors (8192K)
 Metaspace       used 112636K, committed 114432K, reserved 557056K
  class space    used 15805K, committed 16640K, reserved 425984K
}
Event: 104.016 GC heap after
{Heap after GC invocations=54 (full 0):
 garbage-first heap   total 380928K, used 252597K [0x0000000080000000, 0x0000000100000000)
  region size 1024K, 8 young (8192K), 8 survivors (8192K)
 Metaspace       used 112636K, committed 114432K, reserved 557056K
  class space    used 15805K, committed 16640K, reserved 425984K
}
Event: 105.610 GC heap before
{Heap before GC invocations=54 (full 0):
 garbage-first heap   total 380928K, used 314037K [0x0000000080000000, 0x0000000100000000)
  region size 1024K, 69 young (70656K), 8 survivors (8192K)
 Metaspace       used 113241K, committed 115072K, reserved 557056K
  class space    used 15872K, committed 16704K, reserved 425984K
}
Event: 105.630 GC heap after
{Heap after GC invocations=55 (full 0):
 garbage-first heap   total 380928K, used 256349K [0x0000000080000000, 0x0000000100000000)
  region size 1024K, 4 young (4096K), 4 survivors (4096K)
 Metaspace       used 113241K, committed 115072K, reserved 557056K
  class space    used 15872K, committed 16704K, reserved 425984K
}
Event: 106.758 GC heap before
{Heap before GC invocations=55 (full 0):
 garbage-first heap   total 380928K, used 317789K [0x0000000080000000, 0x0000000100000000)
  region size 1024K, 65 young (66560K), 4 survivors (4096K)
 Metaspace       used 113314K, committed 115136K, reserved 557056K
  class space    used 15872K, committed 16704K, reserved 425984K
}
Event: 106.774 GC heap after
{Heap after GC invocations=56 (full 0):
 garbage-first heap   total 380928K, used 261389K [0x0000000080000000, 0x0000000100000000)
  region size 1024K, 9 young (9216K), 9 survivors (9216K)
 Metaspace       used 113314K, committed 115136K, reserved 557056K
  class space    used 15872K, committed 16704K, reserved 425984K
}

